2024-10-18 13:01:36 DEBUG com.zaxxer.hikari.HikariConfig - Driver class com.mysql.cj.jdbc.Driver found in Thread context class loader jdk.internal.loader.ClassLoaders$AppClassLoader@73d16e93
2024-10-18 13:01:43 DEBUG com.zaxxer.hikari.HikariConfig - HikariPool-1 - configuration:
2024-10-18 13:01:43 DEBUG com.zaxxer.hikari.HikariConfig - allowPoolSuspension.............false
2024-10-18 13:01:43 DEBUG com.zaxxer.hikari.HikariConfig - autoCommit......................true
2024-10-18 13:01:43 DEBUG com.zaxxer.hikari.HikariConfig - catalog.........................none
2024-10-18 13:01:43 DEBUG com.zaxxer.hikari.HikariConfig - connectionInitSql...............none
2024-10-18 13:01:43 DEBUG com.zaxxer.hikari.HikariConfig - connectionTestQuery.............none
2024-10-18 13:01:43 DEBUG com.zaxxer.hikari.HikariConfig - connectionTimeout...............30000
2024-10-18 13:01:43 DEBUG com.zaxxer.hikari.HikariConfig - dataSource......................none
2024-10-18 13:01:43 DEBUG com.zaxxer.hikari.HikariConfig - dataSourceClassName.............none
2024-10-18 13:01:43 DEBUG com.zaxxer.hikari.HikariConfig - dataSourceJNDI..................none
2024-10-18 13:01:43 DEBUG com.zaxxer.hikari.HikariConfig - dataSourceProperties............{password=<masked>}
2024-10-18 13:01:43 DEBUG com.zaxxer.hikari.HikariConfig - driverClassName................."com.mysql.cj.jdbc.Driver"
2024-10-18 13:01:43 DEBUG com.zaxxer.hikari.HikariConfig - exceptionOverrideClassName......none
2024-10-18 13:01:43 DEBUG com.zaxxer.hikari.HikariConfig - healthCheckProperties...........{}
2024-10-18 13:01:43 DEBUG com.zaxxer.hikari.HikariConfig - healthCheckRegistry.............none
2024-10-18 13:01:43 DEBUG com.zaxxer.hikari.HikariConfig - idleTimeout.....................600000
2024-10-18 13:01:43 DEBUG com.zaxxer.hikari.HikariConfig - initializationFailTimeout.......1
2024-10-18 13:01:43 DEBUG com.zaxxer.hikari.HikariConfig - isolateInternalQueries..........false
2024-10-18 13:01:43 DEBUG com.zaxxer.hikari.HikariConfig - jdbcUrl.........................jdbc:mysql://localhost:3306/springteacher6db?userunicode=true&characterEncoding=utf-8&useSSL=true&serverTimezone=Europe/Athens
2024-10-18 13:01:43 DEBUG com.zaxxer.hikari.HikariConfig - keepaliveTime...................0
2024-10-18 13:01:43 DEBUG com.zaxxer.hikari.HikariConfig - leakDetectionThreshold..........0
2024-10-18 13:01:43 DEBUG com.zaxxer.hikari.HikariConfig - maxLifetime.....................1800000
2024-10-18 13:01:43 DEBUG com.zaxxer.hikari.HikariConfig - maximumPoolSize.................10
2024-10-18 13:01:43 DEBUG com.zaxxer.hikari.HikariConfig - metricRegistry..................none
2024-10-18 13:01:43 DEBUG com.zaxxer.hikari.HikariConfig - metricsTrackerFactory...........none
2024-10-18 13:01:43 DEBUG com.zaxxer.hikari.HikariConfig - minimumIdle.....................10
2024-10-18 13:01:43 DEBUG com.zaxxer.hikari.HikariConfig - password........................<masked>
2024-10-18 13:01:43 DEBUG com.zaxxer.hikari.HikariConfig - poolName........................"HikariPool-1"
2024-10-18 13:01:43 DEBUG com.zaxxer.hikari.HikariConfig - readOnly........................false
2024-10-18 13:01:43 DEBUG com.zaxxer.hikari.HikariConfig - registerMbeans..................false
2024-10-18 13:01:43 DEBUG com.zaxxer.hikari.HikariConfig - scheduledExecutor...............none
2024-10-18 13:01:43 DEBUG com.zaxxer.hikari.HikariConfig - schema..........................none
2024-10-18 13:01:43 DEBUG com.zaxxer.hikari.HikariConfig - threadFactory...................internal
2024-10-18 13:01:43 DEBUG com.zaxxer.hikari.HikariConfig - transactionIsolation............default
2024-10-18 13:01:43 DEBUG com.zaxxer.hikari.HikariConfig - username........................"mydbuser6"
2024-10-18 13:01:43 DEBUG com.zaxxer.hikari.HikariConfig - validationTimeout...............5000
2024-10-18 13:01:43 INFO  com.zaxxer.hikari.HikariDataSource - HikariPool-1 - Starting...
2024-10-18 13:01:45 INFO  com.zaxxer.hikari.pool.HikariPool - HikariPool-1 - Added connection com.mysql.cj.jdbc.ConnectionImpl@66e12c3b
2024-10-18 13:01:45 INFO  com.zaxxer.hikari.HikariDataSource - HikariPool-1 - Start completed.
2024-10-18 13:01:45 DEBUG com.zaxxer.hikari.pool.HikariPool - HikariPool-1 - Pool stats (total=1, active=1, idle=0, waiting=0)
2024-10-18 13:01:45 DEBUG com.zaxxer.hikari.pool.HikariPool - HikariPool-1 - Added connection com.mysql.cj.jdbc.ConnectionImpl@73b62605
2024-10-18 13:01:45 DEBUG com.zaxxer.hikari.pool.HikariPool - HikariPool-1 - After adding stats (total=2, active=1, idle=1, waiting=0)
2024-10-18 13:01:45 DEBUG com.zaxxer.hikari.pool.HikariPool - HikariPool-1 - Added connection com.mysql.cj.jdbc.ConnectionImpl@1399d94a
2024-10-18 13:01:45 DEBUG com.zaxxer.hikari.pool.HikariPool - HikariPool-1 - After adding stats (total=3, active=1, idle=2, waiting=0)
2024-10-18 13:01:45 DEBUG com.zaxxer.hikari.pool.HikariPool - HikariPool-1 - Added connection com.mysql.cj.jdbc.ConnectionImpl@7164e6bf
2024-10-18 13:01:45 DEBUG com.zaxxer.hikari.pool.HikariPool - HikariPool-1 - After adding stats (total=4, active=0, idle=4, waiting=0)
2024-10-18 13:01:45 DEBUG com.zaxxer.hikari.pool.HikariPool - HikariPool-1 - Added connection com.mysql.cj.jdbc.ConnectionImpl@17d7a67a
2024-10-18 13:01:45 DEBUG com.zaxxer.hikari.pool.HikariPool - HikariPool-1 - After adding stats (total=5, active=0, idle=5, waiting=0)
2024-10-18 13:01:46 DEBUG com.zaxxer.hikari.pool.HikariPool - HikariPool-1 - Added connection com.mysql.cj.jdbc.ConnectionImpl@2646fcce
2024-10-18 13:01:46 DEBUG com.zaxxer.hikari.pool.HikariPool - HikariPool-1 - After adding stats (total=6, active=0, idle=6, waiting=0)
2024-10-18 13:01:46 DEBUG com.zaxxer.hikari.pool.HikariPool - HikariPool-1 - Added connection com.mysql.cj.jdbc.ConnectionImpl@dff6dfb
2024-10-18 13:01:46 DEBUG com.zaxxer.hikari.pool.HikariPool - HikariPool-1 - After adding stats (total=7, active=0, idle=7, waiting=0)
2024-10-18 13:01:46 DEBUG com.zaxxer.hikari.pool.HikariPool - HikariPool-1 - Added connection com.mysql.cj.jdbc.ConnectionImpl@6119e171
2024-10-18 13:01:46 DEBUG com.zaxxer.hikari.pool.HikariPool - HikariPool-1 - After adding stats (total=8, active=0, idle=8, waiting=0)
2024-10-18 13:01:46 DEBUG com.zaxxer.hikari.pool.HikariPool - HikariPool-1 - Added connection com.mysql.cj.jdbc.ConnectionImpl@3fbecb45
2024-10-18 13:01:46 DEBUG com.zaxxer.hikari.pool.HikariPool - HikariPool-1 - After adding stats (total=9, active=0, idle=9, waiting=0)
2024-10-18 13:01:46 DEBUG com.zaxxer.hikari.pool.HikariPool - HikariPool-1 - Added connection com.mysql.cj.jdbc.ConnectionImpl@2785f458
2024-10-18 13:01:46 DEBUG com.zaxxer.hikari.pool.HikariPool - HikariPool-1 - After adding stats (total=10, active=0, idle=10, waiting=0)
2024-10-18 13:01:46 DEBUG com.zaxxer.hikari.pool.HikariPool - HikariPool-1 - Connection not added, stats (total=10, active=0, idle=10, waiting=0)
2024-10-18 13:02:15 DEBUG com.zaxxer.hikari.pool.HikariPool - HikariPool-1 - Pool stats (total=10, active=0, idle=10, waiting=0)
2024-10-18 13:02:15 DEBUG com.zaxxer.hikari.pool.HikariPool - HikariPool-1 - Fill pool skipped, pool has sufficient level or currently being filled.
2024-10-18 13:02:45 DEBUG com.zaxxer.hikari.pool.HikariPool - HikariPool-1 - Pool stats (total=10, active=0, idle=10, waiting=0)
2024-10-18 13:02:45 DEBUG com.zaxxer.hikari.pool.HikariPool - HikariPool-1 - Fill pool skipped, pool has sufficient level or currently being filled.
2024-10-18 13:03:31 DEBUG com.zaxxer.hikari.HikariConfig - Driver class com.mysql.cj.jdbc.Driver found in Thread context class loader jdk.internal.loader.ClassLoaders$AppClassLoader@73d16e93
2024-10-18 13:03:34 DEBUG com.zaxxer.hikari.HikariConfig - HikariPool-1 - configuration:
2024-10-18 13:03:34 DEBUG com.zaxxer.hikari.HikariConfig - allowPoolSuspension.............false
2024-10-18 13:03:34 DEBUG com.zaxxer.hikari.HikariConfig - autoCommit......................true
2024-10-18 13:03:34 DEBUG com.zaxxer.hikari.HikariConfig - catalog.........................none
2024-10-18 13:03:34 DEBUG com.zaxxer.hikari.HikariConfig - connectionInitSql...............none
2024-10-18 13:03:34 DEBUG com.zaxxer.hikari.HikariConfig - connectionTestQuery.............none
2024-10-18 13:03:34 DEBUG com.zaxxer.hikari.HikariConfig - connectionTimeout...............30000
2024-10-18 13:03:34 DEBUG com.zaxxer.hikari.HikariConfig - dataSource......................none
2024-10-18 13:03:34 DEBUG com.zaxxer.hikari.HikariConfig - dataSourceClassName.............none
2024-10-18 13:03:34 DEBUG com.zaxxer.hikari.HikariConfig - dataSourceJNDI..................none
2024-10-18 13:03:34 DEBUG com.zaxxer.hikari.HikariConfig - dataSourceProperties............{password=<masked>}
2024-10-18 13:03:34 DEBUG com.zaxxer.hikari.HikariConfig - driverClassName................."com.mysql.cj.jdbc.Driver"
2024-10-18 13:03:34 DEBUG com.zaxxer.hikari.HikariConfig - exceptionOverrideClassName......none
2024-10-18 13:03:34 DEBUG com.zaxxer.hikari.HikariConfig - healthCheckProperties...........{}
2024-10-18 13:03:34 DEBUG com.zaxxer.hikari.HikariConfig - healthCheckRegistry.............none
2024-10-18 13:03:34 DEBUG com.zaxxer.hikari.HikariConfig - idleTimeout.....................600000
2024-10-18 13:03:34 DEBUG com.zaxxer.hikari.HikariConfig - initializationFailTimeout.......1
2024-10-18 13:03:34 DEBUG com.zaxxer.hikari.HikariConfig - isolateInternalQueries..........false
2024-10-18 13:03:34 DEBUG com.zaxxer.hikari.HikariConfig - jdbcUrl.........................jdbc:mysql://localhost:3306/springteacher6db?userunicode=true&characterEncoding=utf-8&useSSL=true&serverTimezone=Europe/Athens
2024-10-18 13:03:34 DEBUG com.zaxxer.hikari.HikariConfig - keepaliveTime...................0
2024-10-18 13:03:34 DEBUG com.zaxxer.hikari.HikariConfig - leakDetectionThreshold..........0
2024-10-18 13:03:34 DEBUG com.zaxxer.hikari.HikariConfig - maxLifetime.....................1800000
2024-10-18 13:03:34 DEBUG com.zaxxer.hikari.HikariConfig - maximumPoolSize.................10
2024-10-18 13:03:34 DEBUG com.zaxxer.hikari.HikariConfig - metricRegistry..................none
2024-10-18 13:03:34 DEBUG com.zaxxer.hikari.HikariConfig - metricsTrackerFactory...........none
2024-10-18 13:03:34 DEBUG com.zaxxer.hikari.HikariConfig - minimumIdle.....................10
2024-10-18 13:03:34 DEBUG com.zaxxer.hikari.HikariConfig - password........................<masked>
2024-10-18 13:03:34 DEBUG com.zaxxer.hikari.HikariConfig - poolName........................"HikariPool-1"
2024-10-18 13:03:34 DEBUG com.zaxxer.hikari.HikariConfig - readOnly........................false
2024-10-18 13:03:34 DEBUG com.zaxxer.hikari.HikariConfig - registerMbeans..................false
2024-10-18 13:03:34 DEBUG com.zaxxer.hikari.HikariConfig - scheduledExecutor...............none
2024-10-18 13:03:34 DEBUG com.zaxxer.hikari.HikariConfig - schema..........................none
2024-10-18 13:03:34 DEBUG com.zaxxer.hikari.HikariConfig - threadFactory...................internal
2024-10-18 13:03:34 DEBUG com.zaxxer.hikari.HikariConfig - transactionIsolation............default
2024-10-18 13:03:34 DEBUG com.zaxxer.hikari.HikariConfig - username........................"mydbuser6"
2024-10-18 13:03:34 DEBUG com.zaxxer.hikari.HikariConfig - validationTimeout...............5000
2024-10-18 13:03:34 INFO  com.zaxxer.hikari.HikariDataSource - HikariPool-1 - Starting...
2024-10-18 13:03:35 INFO  com.zaxxer.hikari.pool.HikariPool - HikariPool-1 - Added connection com.mysql.cj.jdbc.ConnectionImpl@3ec7eb5
2024-10-18 13:03:35 INFO  com.zaxxer.hikari.HikariDataSource - HikariPool-1 - Start completed.
2024-10-18 13:03:35 DEBUG com.zaxxer.hikari.pool.HikariPool - HikariPool-1 - Pool stats (total=1, active=1, idle=0, waiting=0)
2024-10-18 13:03:35 DEBUG com.zaxxer.hikari.pool.HikariPool - HikariPool-1 - Added connection com.mysql.cj.jdbc.ConnectionImpl@2b24519f
2024-10-18 13:03:35 DEBUG com.zaxxer.hikari.pool.HikariPool - HikariPool-1 - After adding stats (total=2, active=1, idle=1, waiting=0)
2024-10-18 13:03:35 DEBUG com.zaxxer.hikari.pool.HikariPool - HikariPool-1 - Added connection com.mysql.cj.jdbc.ConnectionImpl@4b0baed0
2024-10-18 13:03:35 DEBUG com.zaxxer.hikari.pool.HikariPool - HikariPool-1 - After adding stats (total=3, active=1, idle=2, waiting=0)
2024-10-18 13:03:36 DEBUG com.zaxxer.hikari.pool.HikariPool - HikariPool-1 - Added connection com.mysql.cj.jdbc.ConnectionImpl@4e2e68e8
2024-10-18 13:03:36 DEBUG com.zaxxer.hikari.pool.HikariPool - HikariPool-1 - After adding stats (total=4, active=1, idle=3, waiting=0)
2024-10-18 13:03:36 DEBUG com.zaxxer.hikari.pool.HikariPool - HikariPool-1 - Added connection com.mysql.cj.jdbc.ConnectionImpl@4f45117a
2024-10-18 13:03:36 DEBUG com.zaxxer.hikari.pool.HikariPool - HikariPool-1 - After adding stats (total=5, active=0, idle=5, waiting=0)
2024-10-18 13:03:36 DEBUG com.zaxxer.hikari.pool.HikariPool - HikariPool-1 - Added connection com.mysql.cj.jdbc.ConnectionImpl@32e13495
2024-10-18 13:03:36 DEBUG com.zaxxer.hikari.pool.HikariPool - HikariPool-1 - After adding stats (total=6, active=0, idle=6, waiting=0)
2024-10-18 13:03:36 DEBUG com.zaxxer.hikari.pool.HikariPool - HikariPool-1 - Added connection com.mysql.cj.jdbc.ConnectionImpl@7e809c37
2024-10-18 13:03:36 DEBUG com.zaxxer.hikari.pool.HikariPool - HikariPool-1 - After adding stats (total=7, active=0, idle=7, waiting=0)
2024-10-18 13:03:36 DEBUG com.zaxxer.hikari.pool.HikariPool - HikariPool-1 - Added connection com.mysql.cj.jdbc.ConnectionImpl@614a2d67
2024-10-18 13:03:36 DEBUG com.zaxxer.hikari.pool.HikariPool - HikariPool-1 - After adding stats (total=8, active=0, idle=8, waiting=0)
2024-10-18 13:03:36 DEBUG com.zaxxer.hikari.pool.HikariPool - HikariPool-1 - Added connection com.mysql.cj.jdbc.ConnectionImpl@4e2896aa
2024-10-18 13:03:36 DEBUG com.zaxxer.hikari.pool.HikariPool - HikariPool-1 - After adding stats (total=9, active=0, idle=9, waiting=0)
2024-10-18 13:03:36 DEBUG com.zaxxer.hikari.pool.HikariPool - HikariPool-1 - Added connection com.mysql.cj.jdbc.ConnectionImpl@309cfe9
2024-10-18 13:03:36 DEBUG com.zaxxer.hikari.pool.HikariPool - HikariPool-1 - After adding stats (total=10, active=0, idle=10, waiting=0)
2024-10-18 13:03:36 DEBUG com.zaxxer.hikari.pool.HikariPool - HikariPool-1 - Connection not added, stats (total=10, active=0, idle=10, waiting=0)
2024-10-18 13:04:05 DEBUG com.zaxxer.hikari.pool.HikariPool - HikariPool-1 - Pool stats (total=10, active=0, idle=10, waiting=0)
2024-10-18 13:04:05 DEBUG com.zaxxer.hikari.pool.HikariPool - HikariPool-1 - Fill pool skipped, pool has sufficient level or currently being filled.
2024-10-18 13:04:35 DEBUG com.zaxxer.hikari.pool.HikariPool - HikariPool-1 - Pool stats (total=10, active=0, idle=10, waiting=0)
2024-10-18 13:04:35 DEBUG com.zaxxer.hikari.pool.HikariPool - HikariPool-1 - Fill pool skipped, pool has sufficient level or currently being filled.
2024-10-18 13:05:05 DEBUG com.zaxxer.hikari.pool.HikariPool - HikariPool-1 - Pool stats (total=10, active=0, idle=10, waiting=0)
2024-10-18 13:05:05 DEBUG com.zaxxer.hikari.pool.HikariPool - HikariPool-1 - Fill pool skipped, pool has sufficient level or currently being filled.
2024-10-18 13:05:35 DEBUG com.zaxxer.hikari.pool.HikariPool - HikariPool-1 - Pool stats (total=10, active=0, idle=10, waiting=0)
2024-10-18 13:05:35 DEBUG com.zaxxer.hikari.pool.HikariPool - HikariPool-1 - Fill pool skipped, pool has sufficient level or currently being filled.
2024-10-18 13:06:05 DEBUG com.zaxxer.hikari.pool.HikariPool - HikariPool-1 - Pool stats (total=10, active=0, idle=10, waiting=0)
2024-10-18 13:06:05 DEBUG com.zaxxer.hikari.pool.HikariPool - HikariPool-1 - Fill pool skipped, pool has sufficient level or currently being filled.
2024-10-18 13:06:35 DEBUG com.zaxxer.hikari.pool.HikariPool - HikariPool-1 - Pool stats (total=10, active=0, idle=10, waiting=0)
2024-10-18 13:06:35 DEBUG com.zaxxer.hikari.pool.HikariPool - HikariPool-1 - Fill pool skipped, pool has sufficient level or currently being filled.
2024-10-18 13:07:05 DEBUG com.zaxxer.hikari.pool.HikariPool - HikariPool-1 - Pool stats (total=10, active=0, idle=10, waiting=0)
2024-10-18 13:07:05 DEBUG com.zaxxer.hikari.pool.HikariPool - HikariPool-1 - Fill pool skipped, pool has sufficient level or currently being filled.
2024-10-18 13:07:35 DEBUG com.zaxxer.hikari.pool.HikariPool - HikariPool-1 - Pool stats (total=10, active=0, idle=10, waiting=0)
2024-10-18 13:07:35 DEBUG com.zaxxer.hikari.pool.HikariPool - HikariPool-1 - Fill pool skipped, pool has sufficient level or currently being filled.
2024-10-18 13:08:05 DEBUG com.zaxxer.hikari.pool.HikariPool - HikariPool-1 - Pool stats (total=10, active=0, idle=10, waiting=0)
2024-10-18 13:08:05 DEBUG com.zaxxer.hikari.pool.HikariPool - HikariPool-1 - Fill pool skipped, pool has sufficient level or currently being filled.
2024-10-18 13:08:35 DEBUG com.zaxxer.hikari.pool.HikariPool - HikariPool-1 - Pool stats (total=10, active=0, idle=10, waiting=0)
2024-10-18 13:08:35 DEBUG com.zaxxer.hikari.pool.HikariPool - HikariPool-1 - Fill pool skipped, pool has sufficient level or currently being filled.
2024-10-18 13:09:05 DEBUG com.zaxxer.hikari.pool.HikariPool - HikariPool-1 - Pool stats (total=10, active=0, idle=10, waiting=0)
2024-10-18 13:09:05 DEBUG com.zaxxer.hikari.pool.HikariPool - HikariPool-1 - Fill pool skipped, pool has sufficient level or currently being filled.
2024-10-18 13:09:35 DEBUG com.zaxxer.hikari.pool.HikariPool - HikariPool-1 - Pool stats (total=10, active=0, idle=10, waiting=0)
2024-10-18 13:09:35 DEBUG com.zaxxer.hikari.pool.HikariPool - HikariPool-1 - Fill pool skipped, pool has sufficient level or currently being filled.
2024-10-18 13:10:05 DEBUG com.zaxxer.hikari.pool.HikariPool - HikariPool-1 - Pool stats (total=10, active=0, idle=10, waiting=0)
2024-10-18 13:10:05 DEBUG com.zaxxer.hikari.pool.HikariPool - HikariPool-1 - Fill pool skipped, pool has sufficient level or currently being filled.
2024-10-18 13:10:35 DEBUG com.zaxxer.hikari.pool.HikariPool - HikariPool-1 - Pool stats (total=10, active=0, idle=10, waiting=0)
2024-10-18 13:10:35 DEBUG com.zaxxer.hikari.pool.HikariPool - HikariPool-1 - Fill pool skipped, pool has sufficient level or currently being filled.
2024-10-18 13:11:05 DEBUG com.zaxxer.hikari.pool.HikariPool - HikariPool-1 - Pool stats (total=10, active=0, idle=10, waiting=0)
2024-10-18 13:11:05 DEBUG com.zaxxer.hikari.pool.HikariPool - HikariPool-1 - Fill pool skipped, pool has sufficient level or currently being filled.
2024-10-18 13:12:20 DEBUG com.zaxxer.hikari.HikariConfig - Driver class com.mysql.cj.jdbc.Driver found in Thread context class loader jdk.internal.loader.ClassLoaders$AppClassLoader@73d16e93
2024-10-18 13:12:21 DEBUG com.zaxxer.hikari.HikariConfig - HikariPool-1 - configuration:
2024-10-18 13:12:21 DEBUG com.zaxxer.hikari.HikariConfig - allowPoolSuspension.............false
2024-10-18 13:12:21 DEBUG com.zaxxer.hikari.HikariConfig - autoCommit......................true
2024-10-18 13:12:21 DEBUG com.zaxxer.hikari.HikariConfig - catalog.........................none
2024-10-18 13:12:21 DEBUG com.zaxxer.hikari.HikariConfig - connectionInitSql...............none
2024-10-18 13:12:21 DEBUG com.zaxxer.hikari.HikariConfig - connectionTestQuery.............none
2024-10-18 13:12:21 DEBUG com.zaxxer.hikari.HikariConfig - connectionTimeout...............30000
2024-10-18 13:12:21 DEBUG com.zaxxer.hikari.HikariConfig - dataSource......................none
2024-10-18 13:12:21 DEBUG com.zaxxer.hikari.HikariConfig - dataSourceClassName.............none
2024-10-18 13:12:21 DEBUG com.zaxxer.hikari.HikariConfig - dataSourceJNDI..................none
2024-10-18 13:12:21 DEBUG com.zaxxer.hikari.HikariConfig - dataSourceProperties............{password=<masked>}
2024-10-18 13:12:21 DEBUG com.zaxxer.hikari.HikariConfig - driverClassName................."com.mysql.cj.jdbc.Driver"
2024-10-18 13:12:21 DEBUG com.zaxxer.hikari.HikariConfig - exceptionOverrideClassName......none
2024-10-18 13:12:21 DEBUG com.zaxxer.hikari.HikariConfig - healthCheckProperties...........{}
2024-10-18 13:12:21 DEBUG com.zaxxer.hikari.HikariConfig - healthCheckRegistry.............none
2024-10-18 13:12:21 DEBUG com.zaxxer.hikari.HikariConfig - idleTimeout.....................600000
2024-10-18 13:12:21 DEBUG com.zaxxer.hikari.HikariConfig - initializationFailTimeout.......1
2024-10-18 13:12:21 DEBUG com.zaxxer.hikari.HikariConfig - isolateInternalQueries..........false
2024-10-18 13:12:21 DEBUG com.zaxxer.hikari.HikariConfig - jdbcUrl.........................jdbc:mysql://localhost:3306/springteacher6db?userunicode=true&characterEncoding=utf-8&useSSL=true&serverTimezone=Europe/Athens
2024-10-18 13:12:21 DEBUG com.zaxxer.hikari.HikariConfig - keepaliveTime...................0
2024-10-18 13:12:21 DEBUG com.zaxxer.hikari.HikariConfig - leakDetectionThreshold..........0
2024-10-18 13:12:21 DEBUG com.zaxxer.hikari.HikariConfig - maxLifetime.....................1800000
2024-10-18 13:12:21 DEBUG com.zaxxer.hikari.HikariConfig - maximumPoolSize.................10
2024-10-18 13:12:21 DEBUG com.zaxxer.hikari.HikariConfig - metricRegistry..................none
2024-10-18 13:12:21 DEBUG com.zaxxer.hikari.HikariConfig - metricsTrackerFactory...........none
2024-10-18 13:12:21 DEBUG com.zaxxer.hikari.HikariConfig - minimumIdle.....................10
2024-10-18 13:12:21 DEBUG com.zaxxer.hikari.HikariConfig - password........................<masked>
2024-10-18 13:12:21 DEBUG com.zaxxer.hikari.HikariConfig - poolName........................"HikariPool-1"
2024-10-18 13:12:21 DEBUG com.zaxxer.hikari.HikariConfig - readOnly........................false
2024-10-18 13:12:21 DEBUG com.zaxxer.hikari.HikariConfig - registerMbeans..................false
2024-10-18 13:12:21 DEBUG com.zaxxer.hikari.HikariConfig - scheduledExecutor...............none
2024-10-18 13:12:21 DEBUG com.zaxxer.hikari.HikariConfig - schema..........................none
2024-10-18 13:12:21 DEBUG com.zaxxer.hikari.HikariConfig - threadFactory...................internal
2024-10-18 13:12:21 DEBUG com.zaxxer.hikari.HikariConfig - transactionIsolation............default
2024-10-18 13:12:21 DEBUG com.zaxxer.hikari.HikariConfig - username........................"mydbuser6"
2024-10-18 13:12:21 DEBUG com.zaxxer.hikari.HikariConfig - validationTimeout...............5000
2024-10-18 13:12:21 INFO  com.zaxxer.hikari.HikariDataSource - HikariPool-1 - Starting...
2024-10-18 13:12:23 INFO  com.zaxxer.hikari.pool.HikariPool - HikariPool-1 - Added connection com.mysql.cj.jdbc.ConnectionImpl@62360a68
2024-10-18 13:12:23 INFO  com.zaxxer.hikari.HikariDataSource - HikariPool-1 - Start completed.
2024-10-18 13:12:23 DEBUG com.zaxxer.hikari.pool.HikariPool - HikariPool-1 - Pool stats (total=1, active=1, idle=0, waiting=0)
2024-10-18 13:12:23 DEBUG com.zaxxer.hikari.pool.HikariPool - HikariPool-1 - Added connection com.mysql.cj.jdbc.ConnectionImpl@6439f05d
2024-10-18 13:12:23 DEBUG com.zaxxer.hikari.pool.HikariPool - HikariPool-1 - After adding stats (total=2, active=1, idle=1, waiting=0)
2024-10-18 13:12:23 DEBUG com.zaxxer.hikari.pool.HikariPool - HikariPool-1 - Added connection com.mysql.cj.jdbc.ConnectionImpl@4160f12
2024-10-18 13:12:23 DEBUG com.zaxxer.hikari.pool.HikariPool - HikariPool-1 - After adding stats (total=3, active=0, idle=3, waiting=0)
2024-10-18 13:12:23 DEBUG com.zaxxer.hikari.pool.HikariPool - HikariPool-1 - Added connection com.mysql.cj.jdbc.ConnectionImpl@2e535fd4
2024-10-18 13:12:23 DEBUG com.zaxxer.hikari.pool.HikariPool - HikariPool-1 - After adding stats (total=4, active=0, idle=4, waiting=0)
2024-10-18 13:12:23 DEBUG com.zaxxer.hikari.pool.HikariPool - HikariPool-1 - Added connection com.mysql.cj.jdbc.ConnectionImpl@58f7b5
2024-10-18 13:12:23 DEBUG com.zaxxer.hikari.pool.HikariPool - HikariPool-1 - After adding stats (total=5, active=0, idle=5, waiting=0)
2024-10-18 13:12:23 DEBUG com.zaxxer.hikari.pool.HikariPool - HikariPool-1 - Added connection com.mysql.cj.jdbc.ConnectionImpl@2916b2c2
2024-10-18 13:12:23 DEBUG com.zaxxer.hikari.pool.HikariPool - HikariPool-1 - After adding stats (total=6, active=0, idle=6, waiting=0)
2024-10-18 13:12:23 DEBUG com.zaxxer.hikari.pool.HikariPool - HikariPool-1 - Added connection com.mysql.cj.jdbc.ConnectionImpl@4a17cbd4
2024-10-18 13:12:23 DEBUG com.zaxxer.hikari.pool.HikariPool - HikariPool-1 - After adding stats (total=7, active=0, idle=7, waiting=0)
2024-10-18 13:12:23 DEBUG com.zaxxer.hikari.pool.HikariPool - HikariPool-1 - Added connection com.mysql.cj.jdbc.ConnectionImpl@347cd301
2024-10-18 13:12:23 DEBUG com.zaxxer.hikari.pool.HikariPool - HikariPool-1 - After adding stats (total=8, active=0, idle=8, waiting=0)
2024-10-18 13:12:23 DEBUG com.zaxxer.hikari.pool.HikariPool - HikariPool-1 - Added connection com.mysql.cj.jdbc.ConnectionImpl@6656e454
2024-10-18 13:12:23 DEBUG com.zaxxer.hikari.pool.HikariPool - HikariPool-1 - After adding stats (total=9, active=0, idle=9, waiting=0)
2024-10-18 13:12:24 DEBUG com.zaxxer.hikari.pool.HikariPool - HikariPool-1 - Added connection com.mysql.cj.jdbc.ConnectionImpl@1b0c8182
2024-10-18 13:12:24 DEBUG com.zaxxer.hikari.pool.HikariPool - HikariPool-1 - After adding stats (total=10, active=0, idle=10, waiting=0)
2024-10-18 13:12:24 DEBUG com.zaxxer.hikari.pool.HikariPool - HikariPool-1 - Connection not added, stats (total=10, active=0, idle=10, waiting=0)
2024-10-18 13:12:53 DEBUG com.zaxxer.hikari.pool.HikariPool - HikariPool-1 - Pool stats (total=10, active=0, idle=10, waiting=0)
2024-10-18 13:12:53 DEBUG com.zaxxer.hikari.pool.HikariPool - HikariPool-1 - Fill pool skipped, pool has sufficient level or currently being filled.
2024-10-18 13:13:23 DEBUG com.zaxxer.hikari.pool.HikariPool - HikariPool-1 - Pool stats (total=10, active=0, idle=10, waiting=0)
2024-10-18 13:13:23 DEBUG com.zaxxer.hikari.pool.HikariPool - HikariPool-1 - Fill pool skipped, pool has sufficient level or currently being filled.
2024-10-18 13:13:53 DEBUG com.zaxxer.hikari.pool.HikariPool - HikariPool-1 - Pool stats (total=10, active=0, idle=10, waiting=0)
2024-10-18 13:13:53 DEBUG com.zaxxer.hikari.pool.HikariPool - HikariPool-1 - Fill pool skipped, pool has sufficient level or currently being filled.
2024-10-18 13:14:23 DEBUG com.zaxxer.hikari.pool.HikariPool - HikariPool-1 - Pool stats (total=10, active=0, idle=10, waiting=0)
2024-10-18 13:14:23 DEBUG com.zaxxer.hikari.pool.HikariPool - HikariPool-1 - Fill pool skipped, pool has sufficient level or currently being filled.
2024-10-18 13:15:00 DEBUG com.zaxxer.hikari.HikariConfig - Driver class com.mysql.cj.jdbc.Driver found in Thread context class loader jdk.internal.loader.ClassLoaders$AppClassLoader@73d16e93
2024-10-18 13:15:02 DEBUG com.zaxxer.hikari.HikariConfig - HikariPool-1 - configuration:
2024-10-18 13:15:02 DEBUG com.zaxxer.hikari.HikariConfig - allowPoolSuspension.............false
2024-10-18 13:15:02 DEBUG com.zaxxer.hikari.HikariConfig - autoCommit......................true
2024-10-18 13:15:02 DEBUG com.zaxxer.hikari.HikariConfig - catalog.........................none
2024-10-18 13:15:02 DEBUG com.zaxxer.hikari.HikariConfig - connectionInitSql...............none
2024-10-18 13:15:02 DEBUG com.zaxxer.hikari.HikariConfig - connectionTestQuery.............none
2024-10-18 13:15:02 DEBUG com.zaxxer.hikari.HikariConfig - connectionTimeout...............30000
2024-10-18 13:15:02 DEBUG com.zaxxer.hikari.HikariConfig - dataSource......................none
2024-10-18 13:15:02 DEBUG com.zaxxer.hikari.HikariConfig - dataSourceClassName.............none
2024-10-18 13:15:02 DEBUG com.zaxxer.hikari.HikariConfig - dataSourceJNDI..................none
2024-10-18 13:15:02 DEBUG com.zaxxer.hikari.HikariConfig - dataSourceProperties............{password=<masked>}
2024-10-18 13:15:02 DEBUG com.zaxxer.hikari.HikariConfig - driverClassName................."com.mysql.cj.jdbc.Driver"
2024-10-18 13:15:02 DEBUG com.zaxxer.hikari.HikariConfig - exceptionOverrideClassName......none
2024-10-18 13:15:02 DEBUG com.zaxxer.hikari.HikariConfig - healthCheckProperties...........{}
2024-10-18 13:15:02 DEBUG com.zaxxer.hikari.HikariConfig - healthCheckRegistry.............none
2024-10-18 13:15:02 DEBUG com.zaxxer.hikari.HikariConfig - idleTimeout.....................600000
2024-10-18 13:15:02 DEBUG com.zaxxer.hikari.HikariConfig - initializationFailTimeout.......1
2024-10-18 13:15:02 DEBUG com.zaxxer.hikari.HikariConfig - isolateInternalQueries..........false
2024-10-18 13:15:02 DEBUG com.zaxxer.hikari.HikariConfig - jdbcUrl.........................jdbc:mysql://localhost:3306/springteacher6db?userunicode=true&characterEncoding=utf-8&useSSL=true&serverTimezone=Europe/Athens
2024-10-18 13:15:02 DEBUG com.zaxxer.hikari.HikariConfig - keepaliveTime...................0
2024-10-18 13:15:02 DEBUG com.zaxxer.hikari.HikariConfig - leakDetectionThreshold..........0
2024-10-18 13:15:02 DEBUG com.zaxxer.hikari.HikariConfig - maxLifetime.....................1800000
2024-10-18 13:15:02 DEBUG com.zaxxer.hikari.HikariConfig - maximumPoolSize.................10
2024-10-18 13:15:02 DEBUG com.zaxxer.hikari.HikariConfig - metricRegistry..................none
2024-10-18 13:15:02 DEBUG com.zaxxer.hikari.HikariConfig - metricsTrackerFactory...........none
2024-10-18 13:15:02 DEBUG com.zaxxer.hikari.HikariConfig - minimumIdle.....................10
2024-10-18 13:15:02 DEBUG com.zaxxer.hikari.HikariConfig - password........................<masked>
2024-10-18 13:15:02 DEBUG com.zaxxer.hikari.HikariConfig - poolName........................"HikariPool-1"
2024-10-18 13:15:02 DEBUG com.zaxxer.hikari.HikariConfig - readOnly........................false
2024-10-18 13:15:02 DEBUG com.zaxxer.hikari.HikariConfig - registerMbeans..................false
2024-10-18 13:15:02 DEBUG com.zaxxer.hikari.HikariConfig - scheduledExecutor...............none
2024-10-18 13:15:02 DEBUG com.zaxxer.hikari.HikariConfig - schema..........................none
2024-10-18 13:15:02 DEBUG com.zaxxer.hikari.HikariConfig - threadFactory...................internal
2024-10-18 13:15:02 DEBUG com.zaxxer.hikari.HikariConfig - transactionIsolation............default
2024-10-18 13:15:02 DEBUG com.zaxxer.hikari.HikariConfig - username........................"mydbuser6"
2024-10-18 13:15:02 DEBUG com.zaxxer.hikari.HikariConfig - validationTimeout...............5000
2024-10-18 13:15:02 INFO  com.zaxxer.hikari.HikariDataSource - HikariPool-1 - Starting...
2024-10-18 13:15:04 INFO  com.zaxxer.hikari.pool.HikariPool - HikariPool-1 - Added connection com.mysql.cj.jdbc.ConnectionImpl@8aa5ab4
2024-10-18 13:15:04 INFO  com.zaxxer.hikari.HikariDataSource - HikariPool-1 - Start completed.
2024-10-18 13:15:04 DEBUG com.zaxxer.hikari.pool.HikariPool - HikariPool-1 - Pool stats (total=1, active=1, idle=0, waiting=0)
2024-10-18 13:15:04 DEBUG com.zaxxer.hikari.pool.HikariPool - HikariPool-1 - Added connection com.mysql.cj.jdbc.ConnectionImpl@1118e7c1
2024-10-18 13:15:04 DEBUG com.zaxxer.hikari.pool.HikariPool - HikariPool-1 - After adding stats (total=2, active=1, idle=1, waiting=0)
2024-10-18 13:15:04 DEBUG com.zaxxer.hikari.pool.HikariPool - HikariPool-1 - Added connection com.mysql.cj.jdbc.ConnectionImpl@7137188e
2024-10-18 13:15:04 DEBUG com.zaxxer.hikari.pool.HikariPool - HikariPool-1 - After adding stats (total=3, active=0, idle=3, waiting=0)
2024-10-18 13:15:04 DEBUG com.zaxxer.hikari.pool.HikariPool - HikariPool-1 - Added connection com.mysql.cj.jdbc.ConnectionImpl@25b7e51d
2024-10-18 13:15:04 DEBUG com.zaxxer.hikari.pool.HikariPool - HikariPool-1 - After adding stats (total=4, active=0, idle=4, waiting=0)
2024-10-18 13:15:04 DEBUG com.zaxxer.hikari.pool.HikariPool - HikariPool-1 - Added connection com.mysql.cj.jdbc.ConnectionImpl@75790518
2024-10-18 13:15:04 DEBUG com.zaxxer.hikari.pool.HikariPool - HikariPool-1 - After adding stats (total=5, active=0, idle=5, waiting=0)
2024-10-18 13:15:04 DEBUG com.zaxxer.hikari.pool.HikariPool - HikariPool-1 - Added connection com.mysql.cj.jdbc.ConnectionImpl@5a25a0d7
2024-10-18 13:15:05 DEBUG com.zaxxer.hikari.pool.HikariPool - HikariPool-1 - After adding stats (total=6, active=0, idle=6, waiting=0)
2024-10-18 13:15:05 DEBUG com.zaxxer.hikari.pool.HikariPool - HikariPool-1 - Added connection com.mysql.cj.jdbc.ConnectionImpl@47e19140
2024-10-18 13:15:05 DEBUG com.zaxxer.hikari.pool.HikariPool - HikariPool-1 - After adding stats (total=7, active=0, idle=7, waiting=0)
2024-10-18 13:15:05 DEBUG com.zaxxer.hikari.pool.HikariPool - HikariPool-1 - Added connection com.mysql.cj.jdbc.ConnectionImpl@7102f648
2024-10-18 13:15:05 DEBUG com.zaxxer.hikari.pool.HikariPool - HikariPool-1 - After adding stats (total=8, active=0, idle=8, waiting=0)
2024-10-18 13:15:05 DEBUG com.zaxxer.hikari.pool.HikariPool - HikariPool-1 - Added connection com.mysql.cj.jdbc.ConnectionImpl@28ebbf66
2024-10-18 13:15:05 DEBUG com.zaxxer.hikari.pool.HikariPool - HikariPool-1 - After adding stats (total=9, active=0, idle=9, waiting=0)
2024-10-18 13:15:05 DEBUG com.zaxxer.hikari.pool.HikariPool - HikariPool-1 - Added connection com.mysql.cj.jdbc.ConnectionImpl@7e31b671
2024-10-18 13:15:05 DEBUG com.zaxxer.hikari.pool.HikariPool - HikariPool-1 - After adding stats (total=10, active=0, idle=10, waiting=0)
2024-10-18 13:15:05 DEBUG com.zaxxer.hikari.pool.HikariPool - HikariPool-1 - Connection not added, stats (total=10, active=0, idle=10, waiting=0)
2024-10-18 13:15:34 DEBUG com.zaxxer.hikari.pool.HikariPool - HikariPool-1 - Pool stats (total=10, active=0, idle=10, waiting=0)
2024-10-18 13:15:34 DEBUG com.zaxxer.hikari.pool.HikariPool - HikariPool-1 - Fill pool skipped, pool has sufficient level or currently being filled.
2024-10-18 13:16:04 DEBUG com.zaxxer.hikari.pool.HikariPool - HikariPool-1 - Pool stats (total=10, active=0, idle=10, waiting=0)
2024-10-18 13:16:04 DEBUG com.zaxxer.hikari.pool.HikariPool - HikariPool-1 - Fill pool skipped, pool has sufficient level or currently being filled.
2024-10-18 13:16:34 DEBUG com.zaxxer.hikari.pool.HikariPool - HikariPool-1 - Pool stats (total=10, active=0, idle=10, waiting=0)
2024-10-18 13:16:34 DEBUG com.zaxxer.hikari.pool.HikariPool - HikariPool-1 - Fill pool skipped, pool has sufficient level or currently being filled.
2024-10-18 13:17:04 DEBUG com.zaxxer.hikari.pool.HikariPool - HikariPool-1 - Pool stats (total=10, active=0, idle=10, waiting=0)
2024-10-18 13:17:04 DEBUG com.zaxxer.hikari.pool.HikariPool - HikariPool-1 - Fill pool skipped, pool has sufficient level or currently being filled.
2024-10-18 13:17:34 DEBUG com.zaxxer.hikari.pool.HikariPool - HikariPool-1 - Pool stats (total=10, active=0, idle=10, waiting=0)
2024-10-18 13:17:34 DEBUG com.zaxxer.hikari.pool.HikariPool - HikariPool-1 - Fill pool skipped, pool has sufficient level or currently being filled.
2024-10-18 13:18:04 DEBUG com.zaxxer.hikari.pool.HikariPool - HikariPool-1 - Pool stats (total=10, active=0, idle=10, waiting=0)
2024-10-18 13:18:04 DEBUG com.zaxxer.hikari.pool.HikariPool - HikariPool-1 - Fill pool skipped, pool has sufficient level or currently being filled.
